<?xml version="1.0" encoding="UTF-8" standalone="no"?>
<testsuite errors="0" failures="0" name="io.cucumber.core.plugin.JUnitFormatter" skipped="0" tests="4" time="56.432">
<testcase classname="Efetuar Login" name="Cenário 01 - Verificar se é possível efetuar o login" time="34.462">
<system-out><![CDATA[Given que eu acesso a aplicação.............................................passed
And eu preencho os campos username e password com um usuário e senha válidos.passed
When eu clico no botão Login................................................passed
Then a tela principal da aplicação é exibida................................passed
]]></system-out>
</testcase>
<testcase classname="Efetuar Login" name="Cenário 02 - Verificar se não é possível efetuar o login após não preencher o campo username" time="6.412">
<system-out><![CDATA[Given que eu acesso a aplicação.............................................passed
And eu não preencho o campo username........................................passed
And eu preencho o campo password com uma senha válida.......................passed
When eu clico no botão Login................................................passed
Then uma mensagem de erro é exibida indicando que o campo username é obrigatório.passed
]]></system-out>
</testcase>
<testcase classname="Efetuar Login" name="Cenário 03 - Verificar se não é possível efetuar o login após não preencher o campo password" time="7.926">
<system-out><![CDATA[Given que eu acesso a aplicação.............................................passed
And eu preencho o campo username com um usuário válido......................passed
And eu não preencho o campo password........................................passed
When eu clico no botão Login................................................passed
Then uma mensagem de erro é exibida indicando que o campo password é obrigatório.passed
]]></system-out>
</testcase>
<testcase classname="Efetuar Login" name="Cenário 04 - Verificar se não é possível efetuar o login após preencher o campo username e" time="7.414">
<system-out><![CDATA[Given que eu acesso a aplicação.............................................passed
And eu preencho os campos username e password com um usuário e senha diferentes dos que estão listados na tela.passed
When eu clico no botão Login................................................passed
Then uma mensagem de erro é exibida indicando que o usuário e a senha informados não correspondem a nenhum usuário indicado.passed
]]></system-out>
</testcase>
</testsuite>
